WARNING: Multiple elements have the same ID 'dom-decodeerrorcallback-error'.
Deduping, but this ID may not be stable across revisions.
WARNING: Multiple elements have the same ID 'dom-decodesuccesscallback-decodeddata'.
Deduping, but this ID may not be stable across revisions.
LINE 1916: Can't find the 'contextOptions' argument of method 'OfflineAudioContext/OfflineAudioContext(numberOfChannels, length, sampleRate)' in the argumentdef block.
LINE 3032: Can't find the 'destinationNode' argument of method 'AudioNode/connect(destinationParam, output)' in the argumentdef block.
LINE 3032: Can't find the 'input' argument of method 'AudioNode/connect(destinationParam, output)' in the argumentdef block.
LINE 3133: Can't find the 'destinationNode' argument of method 'AudioNode/disconnect(destinationParam, output)' in the argumentdef block.
LINE 3146: Can't find the 'destinationNode' argument of method 'AudioNode/disconnect(destinationParam, output)' in the argumentdef block.
LINE 3161: Can't find the 'destinationNode' argument of method 'AudioNode/disconnect(destinationParam, output)' in the argumentdef block.
LINE 3161: Can't find the 'input' argument of method 'AudioNode/disconnect(destinationParam, output)' in the argumentdef block.
LINE 10099: Can't find method '['AudioWorkletProcessor/process(inputs, outputs, parameters))']'.
LINK ERROR: No 'idl-name' refs found for 'MediaStream'.
<a data-link-type="idl-name" class="n" data-lt="MediaStream">MediaStream</a>
LINK ERROR: No 'idl-name' refs found for 'MediaStreamTrack'.
<a data-link-type="idl-name" class="n" data-lt="MediaStreamTrack">MediaStreamTrack</a>
LINE 1413: No 'method' refs found for 'AudioContext()'.
LINK ERROR: No 'idl-name' refs found for 'DOMHighResTimeStamp'.
<a data-link-type="idl-name" class="n" data-lt="DOMHighResTimeStamp">DOMHighResTimeStamp</a>
LINK ERROR: No 'idl-name' refs found for 'DOMHighResTimeStamp'.
<a data-link-type="idl-name" data-lt="DOMHighResTimeStamp">DOMHighResTimeStamp</a>
LINE 1916: No 'method' refs found for 'OfflineAudioContext(contextOptions)'.
LINE 1940: No 'method' refs found for 'OfflineAudioContext(numberOfChannels, length, sampleRate)'.
LINE 2304: No 'method' refs found for 'AudioBuffer()'.
LINE 4171: No 'method' refs found for 'AnalyserNode()'.
LINE 4631: No 'method' refs found for 'AudioBufferSourceNode()'.
LINE 5866: No 'method' refs found for 'BiquadFilterNode()'.
LINE 6297: No 'method' refs found for 'ChannelMergerNode()'.
LINE 6409: No 'method' refs found for 'ChannelSplitterNode()'.
LINE 6491: No 'method' refs found for 'ConstantSourceNode()'.
LINE 6599: No 'method' refs found for 'ConvolverNode()'.
LINE 6850: No 'method' refs found for 'DelayNode()'.
LINE 7015: No 'method' refs found for 'DynamicsCompressorNode()'.
LINE 7457: No 'method' refs found for 'GainNode()'.
LINE 7564: No 'method' refs found for 'IIRFilterNode()'.
LINE 7737: No 'method' refs found for 'MediaElementAudioSourceNode()'.
LINE 7843: No 'method' refs found for 'MediaStreamAudioDestinationNode()'.
LINK ERROR: No 'idl-name' refs found for 'MediaStream'.
<a data-link-type="idl-name" data-lt="MediaStream">MediaStream</a>
LINE 7935: No 'method' refs found for 'MediaStreamAudioSourceNode()'.
LINE 8011: No 'method' refs found for 'MediaStreamTrackAudioSourceNode()'.
LINK ERROR: No 'idl-name' refs found for 'MediaStreamTrack'.
<a data-link-type="idl-name" data-lt="MediaStreamTrack">MediaStreamTrack</a>
LINE 8150: No 'method' refs found for 'OscillatorNode()'.
LINE 8537: No 'method' refs found for 'PannerNode()'.
LINE 8941: No 'method' refs found for 'PeriodicWave()'.
LINE 9253: No 'method' refs found for 'StereoPannerNode()'.
LINE 9382: No 'method' refs found for 'WaveShaperNode()'.
LINE 9819: No 'method' refs found for 'AudioWorkletNode()'.
LINK ERROR: No 'idl-name' refs found for 'sequence<unsigned long>'.
<a data-link-type="idl-name" data-lt="sequence&lt;unsigned long&gt;">sequence&lt;unsigned long&gt;</a>
LINK ERROR: No 'idl-name' refs found for 'record<DOMString, double>'.
<a data-link-type="idl-name" data-lt="record&lt;DOMString, double&gt;">record&lt;DOMString, double&gt;</a>
LINE 10006: No 'method' refs found for 'AudioWorkletProcessor()'.
LINE 10099: No 'method' refs found for 'process(inputs, outputs, parameters))'.
YAY Successfully generated, but fatal errors were suppressed
